2015-06-23 21:46:52,236 [main] DEBUG org.drdevelopment.webedit.Config - No extra properties on disk available. File C:\Java\workspace\drwebedit-parent\plugin-users\configuration\configuration.properties does not exist.
2015-06-23 21:46:52,242 [main] DEBUG org.drdevelopment.webedit.Config - Using the following properties:
DB_CONSOLE_PORT=9124
DB_PASSWORD=****
DB_PORT=9123
DB_USERNAME=demo
DEVELOPMENT_MODE=true
WEBSERVER_PORT=8080
2015-06-23 21:46:52,242 [main] DEBUG o.d.webedit.plugin.TestUsersService - Dataupdate folder is C:\Java\workspace\drwebedit-parent\plugin-users\src\main\resources\dataupdate
2015-06-23 21:46:52,243 [main] DEBUG o.d.webedit.plugin.TestUsersService - Executing sql from file C:\Java\workspace\drwebedit-parent\plugin-users\src\main\resources\dataupdate\dataupdate0.sql
2015-06-23 21:48:04,163 [main] DEBUG org.drdevelopment.webedit.Config - No extra properties on disk available. File C:\Java\workspace\drwebedit-parent\plugin-users\configuration\configuration.properties does not exist.
2015-06-23 21:48:04,168 [main] DEBUG org.drdevelopment.webedit.Config - Using the following properties:
DB_CONSOLE_PORT=9124
DB_PASSWORD=****
DB_PORT=9123
DB_USERNAME=demo
DEVELOPMENT_MODE=true
WEBSERVER_PORT=8080
2015-06-23 21:48:04,169 [main] DEBUG o.d.webedit.plugin.TestUsersService - Dataupdate folder is C:\Java\workspace\drwebedit-parent\plugin-users\src\main\resources\dataupdate
2015-06-23 21:48:04,169 [main] DEBUG o.d.webedit.plugin.TestUsersService - Executing sql from file C:\Java\workspace\drwebedit-parent\plugin-users\src\main\resources\dataupdate\dataupdate0.sql
2015-06-23 21:49:52,883 [main] DEBUG org.drdevelopment.webedit.Config - No extra properties on disk available. File C:\Java\workspace\drwebedit-parent\plugin-users\configuration\configuration.properties does not exist.
2015-06-23 21:49:52,890 [main] DEBUG org.drdevelopment.webedit.Config - Using the following properties:
DB_CONSOLE_PORT=9124
DB_PASSWORD=****
DB_PORT=9123
DB_USERNAME=demo
DEVELOPMENT_MODE=true
WEBSERVER_PORT=8080
2015-06-23 21:49:53,014 [main] DEBUG o.d.webedit.plugin.TestUsersService - Dataupdate folder is C:\Java\workspace\drwebedit-parent\plugin-users\src\main\resources\dataupdate
2015-06-23 21:49:53,015 [main] DEBUG o.d.webedit.plugin.TestUsersService - Executing sql from file C:\Java\workspace\drwebedit-parent\plugin-users\src\main\resources\dataupdate\dataupdate0.sql
2015-06-23 21:52:51,520 [main] DEBUG org.drdevelopment.webedit.Config - No extra properties on disk available. File C:\Java\workspace\drwebedit-parent\plugin-users\configuration\configuration.properties does not exist.
2015-06-23 21:52:51,526 [main] DEBUG org.drdevelopment.webedit.Config - Using the following properties:
DB_CONSOLE_PORT=9124
DB_PASSWORD=****
DB_PORT=9123
DB_USERNAME=demo
DEVELOPMENT_MODE=true
WEBSERVER_PORT=8080
2015-06-23 21:52:51,662 [main] DEBUG o.d.w.plugin.AbstractWebEditTest - Dataupdate folder is C:\Java\workspace\drwebedit-parent\plugin-users\src\main\resources\dataupdate
2015-06-23 21:52:51,663 [main] DEBUG o.d.w.plugin.AbstractWebEditTest - Executing sql from file C:\Java\workspace\drwebedit-parent\plugin-users\src\main\resources\dataupdate\dataupdate0.sql
